<?xml version="1.0" encoding="UTF-8"?>
<!-- Generated by org.testng.reporters.JUnitReportReporter -->
<testsuite hostname="DESKTOP-JI62TLU" failures="0" tests="2" name="aleksgrig.HomePageTest" time="18.337" errors="0" timestamp="08 Jun 2019 15:48:53 GMT" skipped="0">
  <testcase classname="aleksgrig.HomePageTest" name="navigate" time="6.599"/>
  <testcase classname="aleksgrig.HomePageTest" name="navigate" time="11.738"/>
</testsuite> <!-- aleksgrig.HomePageTest -->
