<?xml version="1.0" encoding="UTF-8"?>
<!-- Generated by org.testng.reporters.JUnitReportReporter -->
<testsuite hostname="DESKTOP-JI62TLU" failures="0" tests="1" name="aleksgrig.ValidateTitleTest" time="6.837" errors="0" timestamp="08 Jun 2019 14:43:50 GMT" skipped="0">
  <testcase classname="aleksgrig.ValidateTitleTest" name="validateTitle" time="6.837"/>
</testsuite> <!-- aleksgrig.ValidateTitleTest -->
