<?xml version="1.0" encoding="UTF-8"?>
<!-- Generated by org.testng.reporters.JUnitReportReporter -->
<testsuite hostname="DESKTOP-JI62TLU" failures="0" tests="1" name="aleksgrig.HomePage" time="15.358" errors="0" timestamp="04 Jun 2019 15:12:18 GMT" skipped="0">
  <testcase classname="aleksgrig.HomePage" name="navigate" time="15.358"/>
</testsuite> <!-- aleksgrig.HomePage -->
