<?xml version="1.0" encoding="UTF-8"?>
<!-- Generated by org.testng.reporters.JUnitReportReporter -->
<testsuite hostname="DESKTOP-JI62TLU" failures="0" tests="1" name="aleksgrig.ValidateTitleTest" time="15.840" errors="0" timestamp="08 Jun 2019 15:22:32 GMT" skipped="0">
  <testcase classname="aleksgrig.ValidateTitleTest" name="validateTitle" time="15.840"/>
</testsuite> <!-- aleksgrig.ValidateTitleTest -->
