<?xml version="1.0" encoding="UTF-8"?>
<!-- Generated by org.testng.reporters.JUnitReportReporter -->
<testsuite hostname="DESKTOP-JI62TLU" failures="0" tests="2" name="aleksgrig.HomePageTest" time="29.177" errors="0" timestamp="08 Jun 2019 14:43:50 GMT" skipped="0">
  <testcase classname="aleksgrig.HomePageTest" name="navigate" time="15.146"/>
  <testcase classname="aleksgrig.HomePageTest" name="navigate" time="14.031"/>
</testsuite> <!-- aleksgrig.HomePageTest -->
