<?xml version="1.0" encoding="UTF-8"?>
<!-- Generated by org.testng.reporters.JUnitReportReporter -->
<testsuite hostname="DESKTOP-JI62TLU" failures="0" tests="2" name="aleksgrig.HomePageTest" time="87.618" errors="0" timestamp="08 Jun 2019 15:22:32 GMT" skipped="0">
  <testcase classname="aleksgrig.HomePageTest" name="navigate" time="41.861"/>
  <testcase classname="aleksgrig.HomePageTest" name="navigate" time="45.757"/>
</testsuite> <!-- aleksgrig.HomePageTest -->
