<?xml version="1.0" encoding="UTF-8"?>
<!-- Generated by org.testng.reporters.JUnitReportReporter -->
<testsuite hostname="DESKTOP-JI62TLU" failures="0" tests="2" name="aleksgrig.HomePageTest" time="22.119" errors="0" timestamp="08 Jun 2019 10:39:15 GMT" skipped="0">
  <testcase classname="aleksgrig.HomePageTest" name="navigate" time="9.926"/>
  <testcase classname="aleksgrig.HomePageTest" name="navigate" time="12.193"/>
</testsuite> <!-- aleksgrig.HomePageTest -->
